<?xml version="1.0" encoding="UTF-8" ?>
<testsuites>
  <testsuite errors="1" failures="0" hostname="mohammed-Lenovo-G570" id="0" name="TestClass" package="test" tests="1" time="0.163" timestamp="2013-09-09T11:14:57">
      <properties>
[...]
</properties>

      <testcase classname="test.TestClass" name="initializationError" time="0.014">
          <error message="org/hamcrest/SelfDescribing" type="java.lang.NoClassDefFoundError">java.lang.NoClassDefFoundError: org/hamcrest/SelfDescribing
	at java.lang.ClassLoader.defineClass1(Native Method)
	at java.lang.ClassLoader.defineClass(ClassLoader.java:620)
	at java.security.SecureClassLoader.defineClass(SecureClassLoader.java:124)
	at java.net.URLClassLoader.defineClass(URLClassLoader.java:260)
	at java.net.URLClassLoader.access$000(URLClassLoader.java:56)
	at java.net.URLClassLoader$1.run(URLClassLoader.java:195)
	at java.security.AccessController.doPrivileged(Native Method)
	at java.net.URLClassLoader.findClass(URLClassLoader.java:188)
	at java.lang.ClassLoader.loadClass(ClassLoader.java:306)
	at sun.misc.Launcher$AppClassLoader.loadClass(Launcher.java:276)
	at java.lang.ClassLoader.loadClass(ClassLoader.java:251)
	at java.lang.ClassLoader.loadClassInternal(ClassLoader.java:319)
	at java.lang.reflect.Constructor.newInstance(Constructor.java:513)
	at org.eclipse.ant.internal.launching.remote.EclipseDefaultExecutor.executeTargets(EclipseDefaultExecutor.java:32)
	at org.eclipse.ant.internal.launching.remote.InternalAntRunner.run(InternalAntRunner.java:424)
	at org.eclipse.ant.internal.launching.remote.InternalAntRunner.main(InternalAntRunner.java:138)
</error>

      </testcase>

      <system-out><![CDATA[]]></system-out>

      <system-err><![CDATA[]]></system-err>

  </testsuite>
</testsuites>
